D:\VS程序\VS2010\第9章\CODEBOOK\DEBUG\OPENCV.EXE
D:\VS程序\VS2010\第9章\CODEBOOK\DEBUG\OPENCV.ILK
D:\VS程序\VS2010\第9章\CODEBOOK\DEBUG\OPENCV.PDB
D:\vs程序\vs2010\第9章\codeBook\opencv\Debug\cl.command.1.tlog
D:\vs程序\vs2010\第9章\codeBook\opencv\Debug\CL.read.1.tlog
D:\vs程序\vs2010\第9章\codeBook\opencv\Debug\CL.write.1.tlog
D:\VS程序\VS2010\第9章\CODEBOOK\OPENCV\DEBUG\CODEBOOK.OBJ
D:\vs程序\vs2010\第9章\codeBook\opencv\Debug\link.3732.read.1.tlog
D:\vs程序\vs2010\第9章\codeBook\opencv\Debug\link.3732.write.1.tlog
D:\vs程序\vs2010\第9章\codeBook\opencv\Debug\link.3732-cvtres.read.1.tlog
D:\vs程序\vs2010\第9章\codeBook\opencv\Debug\link.3732-cvtres.write.1.tlog
D:\vs程序\vs2010\第9章\codeBook\opencv\Debug\link.command.1.tlog
D:\vs程序\vs2010\第9章\codeBook\opencv\Debug\link.read.1.tlog
D:\vs程序\vs2010\第9章\codeBook\opencv\Debug\link.write.1.tlog
D:\vs程序\vs2010\第9章\codeBook\opencv\Debug\link-cvtres.read.1.tlog
D:\vs程序\vs2010\第9章\codeBook\opencv\Debug\link-cvtres.write.1.tlog
D:\vs程序\vs2010\第9章\codeBook\opencv\Debug\mt.command.1.tlog
D:\vs程序\vs2010\第9章\codeBook\opencv\Debug\mt.read.1.tlog
D:\vs程序\vs2010\第9章\codeBook\opencv\Debug\mt.write.1.tlog
D:\VS程序\VS2010\第9章\CODEBOOK\OPENCV\DEBUG\OPENCV.EXE.EMBED.MANIFEST
D:\VS程序\VS2010\第9章\CODEBOOK\OPENCV\DEBUG\OPENCV.EXE.EMBED.MANIFEST.RES
D:\VS程序\VS2010\第9章\CODEBOOK\OPENCV\DEBUG\OPENCV.EXE.INTERMEDIATE.MANIFEST
D:\VS程序\VS2010\第9章\CODEBOOK\OPENCV\DEBUG\OPENCV.PCH
D:\vs程序\vs2010\第9章\codeBook\opencv\Debug\opencv_manifest.rc
D:\vs程序\vs2010\第9章\codeBook\opencv\Debug\rc.command.1.tlog
D:\vs程序\vs2010\第9章\codeBook\opencv\Debug\rc.read.1.tlog
D:\vs程序\vs2010\第9章\codeBook\opencv\Debug\rc.write.1.tlog
D:\VS程序\VS2010\第9章\CODEBOOK\OPENCV\DEBUG\STDAFX.OBJ
D:\vs程序\vs2010\第9章\codeBook\opencv\Debug\vc100.idb
D:\VS程序\VS2010\第9章\CODEBOOK\OPENCV\DEBUG\VC100.PDB
